#
# A fatal error has been detected by the Java Runtime Environment:
#
#  EXCEPTION_ACCESS_VIOLATION (0xc0000005) at pc=0x0000000063892868, pid=6212, tid=6920
#
# JRE version: Java(TM) SE Runtime Environment (8.0_45-b15) (build 1.8.0_45-b15)
# Java VM: Java HotSpot(TM) 64-Bit Server VM (25.45-b02 mixed mode windows-amd64 compressed oops)
# Problematic frame:
# C  [jdwp.dll+0x22868]
#
# Failed to write core dump. Minidumps are not enabled by default on client versions of Windows
#
# If you would like to submit a bug report, please visit:
#   http://bugreport.java.com/bugreport/crash.jsp
# The crash happened outside the Java Virtual Machine in native code.
# See problematic frame for where to report the bug.
#

---------------  T H R E A D  ---------------

Current thread (0x00000000591f3800):  JavaThread "JDWP Command Reader" daemon [_thread_in_native, id=6920, stack(0x0000000059fb0000,0x000000005a0b0000)]

siginfo: ExceptionCode=0xc0000005, reading address 0x0000000000000000

Registers:
RAX=0x000000006389f5a0, RBX=0x000000000000000c, RCX=0x0000000000000000, RDX=0x0000000000000028
RSP=0x000000005a0af210, RBP=0x00000000638991a8, RSI=0x0000000000000004, RDI=0x00000000639b33c0
R8 =0x000000005a0af278, R9 =0x7efefefefefeff6b, R10=0x81010101010100f8, R11=0x8101010101010100
R12=0x00000000591f3db0, R13=0x00000000591f4188, R14=0x0000000000000000, R15=0x0000000063899198
RIP=0x0000000063892868, EFLAGS=0x0000000000010206

Top of Stack: (sp=0x000000005a0af210)
0x000000005a0af210:   0000000000002714 ffffffffffb3b4c0
0x000000005a0af220:   0000000000000310 000000005a0af348
0x000000005a0af230:   0000000000000001 00000000639b23c0
0x000000005a0af240:   000000005a0af298 0000000000000000
0x000000005a0af250:   0000000000000020 0000000000000020
0x000000005a0af260:   00000000639b33c0 00000000639b108e
0x000000005a0af270:   000000000000000c 0000000000000000
0x000000005a0af280:   0000000000000004 00000000585a2fad
0x000000005a0af290:   7075727265746e49 636e756620646574
0x000000005a0af2a0:   6c6163206e6f6974 000000000000006c
0x000000005a0af2b0:   0000000063899198 0000000000000000
0x000000005a0af2c0:   00000000591f4188 0000000000000000
0x000000005a0af2d0:   00000000000002a8 000007fefda11649
0x000000005a0af2e0:   00000000000002a8 00000000024d56f0
0x000000005a0af2f0:   0000000000000004 000000005a0af334
0x000000005a0af300:   000000005a0af398 0000000000000000 

Instructions: (pc=0x0000000063892868)
0x0000000063892848:   83 ec 50 48 63 d1 85 c9 75 07 33 c0 e9 84 00 00
0x0000000063892858:   00 48 8b 05 88 d4 00 00 4c 8d 44 24 68 48 8b 08
0x0000000063892868:   48 8b 01 ff 90 68 01 00 00 8b f8 85 c0 74 61 8b
0x0000000063892878:   c8 e8 72 ca fe ff 48 8b d8 ff 15 a9 49 00 00 c7 


Register to memory mapping:

RAX=0x000000006389f5a0 is an unknown value
RBX=0x000000000000000c is an unknown value
RCX=0x0000000000000000 is an unknown value
RDX=0x0000000000000028 is an unknown value
RSP=0x000000005a0af210 is pointing into the stack for thread: 0x00000000591f3800
RBP=0x00000000638991a8 is an unknown value
RSI=0x0000000000000004 is an unknown value
RDI=0x00000000639b33c0 is an unknown value
R8 =0x000000005a0af278 is pointing into the stack for thread: 0x00000000591f3800
R9 =0x7efefefefefeff6b is an unknown value
R10=0x81010101010100f8 is an unknown value
R11=0x8101010101010100 is an unknown value
R12=0x00000000591f3db0 is an unknown value
R13=0x00000000591f4188 is an unknown value
R14=0x0000000000000000 is an unknown value
R15=0x0000000063899198 is an unknown value


Stack: [0x0000000059fb0000,0x000000005a0b0000],  sp=0x000000005a0af210,  free space=1020k
Native frames: (J=compiled Java code, j=interpreted, Vv=VM code, C=native code)
C  [jdwp.dll+0x22868]
C  [dt_socket.dll+0x108e]
C  [dt_socket.dll+0x15f6]
C  [jdwp.dll+0x1fa11]
C  [jdwp.dll+0xecf6]
V  [jvm.dll+0x1bae98]
V  [jvm.dll+0x241984]
V  [jvm.dll+0x29853a]
C  [msvcr100.dll+0x21d9f]
C  [msvcr100.dll+0x21e3b]
